This is pdfTeX, Version 3.14159265-2.6-1.40.21 (MiKTeX 21.1) (preloaded format=pdflatex 2021.2.3)  21 JUN 2022 15:26
entering extended mode
**./Tesis.tex
(Tesis.tex
LaTeX2e <2020-10-01> patch level 4
L3 programming layer <2021-01-09> xparse <2020-03-03> (C:\Users\marco\AppData\L
ocal\Programs\MiKTeX\tex/latex/base\article.cls
Document Class: article 2020/04/10 v1.4m Standard LaTeX document class
(C:\Users\marco\AppData\Local\Programs\MiKTeX\tex/latex/base\size12.clo
File: size12.clo 2020/04/10 v1.4m Standard LaTeX file (size option)
)
\c@part=\count177
\c@section=\count178
\c@subsection=\count179
\c@subsubsection=\count180
\c@paragraph=\count181
\c@subparagraph=\count182
\c@figure=\count183
\c@table=\count184
\abovecaptionskip=\skip47
\belowcaptionskip=\skip48
\bibindent=\dimen138
) (C:\Users\marco\AppData\Local\Programs\MiKTeX\tex/latex/amsmath\amsmath.sty
Package: amsmath 2020/09/23 v2.17i AMS math features
\@mathmargin=\skip49
For additional information on amsmath, use the `?' option.
(C:\Users\marco\AppData\Local\Programs\MiKTeX\tex/latex/amsmath\amstext.sty
Package: amstext 2000/06/29 v2.01 AMS text
(C:\Users\marco\AppData\Local\Programs\MiKTeX\tex/latex/amsmath\amsgen.sty
File: amsgen.sty 1999/11/30 v2.0 generic functions
\@emptytoks=\toks15
\ex@=\dimen139
)) (C:\Users\marco\AppData\Local\Programs\MiKTeX\tex/latex/amsmath\amsbsy.sty
Package: amsbsy 1999/11/29 v1.2d Bold Symbols
\pmbraise@=\dimen140
) (C:\Users\marco\AppData\Local\Programs\MiKTeX\tex/latex/amsmath\amsopn.sty
Package: amsopn 2016/03/08 v2.02 operator names
)
\inf@bad=\count185
LaTeX Info: Redefining \frac on input line 234.
\uproot@=\count186
\leftroot@=\count187
LaTeX Info: Redefining \overline on input line 399.
\classnum@=\count188
\DOTSCASE@=\count189
LaTeX Info: Redefining \ldots on input line 496.
LaTeX Info: Redefining \dots on input line 499.
LaTeX Info: Redefining \cdots on input line 620.
\Mathstrutbox@=\box47
\strutbox@=\box48
\big@size=\dimen141
LaTeX Font Info:    Redeclaring font encoding OML on input line 743.
LaTeX Font Info:    Redeclaring font encoding OMS on input line 744.
\macc@depth=\count190
\c@MaxMatrixCols=\count191
\dotsspace@=\muskip16
\c@parentequation=\count192
\dspbrk@lvl=\count193
\tag@help=\toks16
\row@=\count194
\column@=\count195
\maxfields@=\count196
\andhelp@=\toks17
\eqnshift@=\dimen142
\alignsep@=\dimen143
\tagshift@=\dimen144
\tagwidth@=\dimen145
\totwidth@=\dimen146
\lineht@=\dimen147
\@envbody=\toks18
\multlinegap=\skip50
\multlinetaggap=\skip51
\mathdisplay@stack=\toks19
LaTeX Info: Redefining \[ on input line 2923.
LaTeX Info: Redefining \] on input line 2924.
) (C:\Users\marco\AppData\Local\Programs\MiKTeX\tex/latex/amsfonts\amssymb.sty
Package: amssymb 2013/01/14 v3.01 AMS font symbols
(C:\Users\marco\AppData\Local\Programs\MiKTeX\tex/latex/amsfonts\amsfonts.sty
Package: amsfonts 2013/01/14 v3.01 Basic AMSFonts support
\symAMSa=\mathgroup4
\symAMSb=\mathgroup5
LaTeX Font Info:    Redeclaring math symbol \hbar on input line 98.
LaTeX Font Info:    Overwriting math alphabet `\mathfrak' in version `bold'
(Font)                  U/euf/m/n --> U/euf/b/n on input line 106.
)) (C:\Users\marco\AppData\Local\Programs\MiKTeX\tex/latex/lm\lmodern.sty
Package: lmodern 2009/10/30 v1.6 Latin Modern Fonts
LaTeX Font Info:    Overwriting symbol font `operators' in version `normal'
(Font)                  OT1/cmr/m/n --> OT1/lmr/m/n on input line 22.
LaTeX Font Info:    Overwriting symbol font `letters' in version `normal'
(Font)                  OML/cmm/m/it --> OML/lmm/m/it on input line 23.
LaTeX Font Info:    Overwriting symbol font `symbols' in version `normal'
(Font)                  OMS/cmsy/m/n --> OMS/lmsy/m/n on input line 24.
LaTeX Font Info:    Overwriting symbol font `largesymbols' in version `normal'
(Font)                  OMX/cmex/m/n --> OMX/lmex/m/n on input line 25.
LaTeX Font Info:    Overwriting symbol font `operators' in version `bold'
(Font)                  OT1/cmr/bx/n --> OT1/lmr/bx/n on input line 26.
LaTeX Font Info:    Overwriting symbol font `letters' in version `bold'
(Font)                  OML/cmm/b/it --> OML/lmm/b/it on input line 27.
LaTeX Font Info:    Overwriting symbol font `symbols' in version `bold'
(Font)                  OMS/cmsy/b/n --> OMS/lmsy/b/n on input line 28.
LaTeX Font Info:    Overwriting symbol font `largesymbols' in version `bold'
(Font)                  OMX/cmex/m/n --> OMX/lmex/m/n on input line 29.
LaTeX Font Info:    Overwriting math alphabet `\mathbf' in version `normal'
(Font)                  OT1/cmr/bx/n --> OT1/lmr/bx/n on input line 31.
LaTeX Font Info:    Overwriting math alphabet `\mathsf' in version `normal'
(Font)                  OT1/cmss/m/n --> OT1/lmss/m/n on input line 32.
LaTeX Font Info:    Overwriting math alphabet `\mathit' in version `normal'
(Font)                  OT1/cmr/m/it --> OT1/lmr/m/it on input line 33.
LaTeX Font Info:    Overwriting math alphabet `\mathtt' in version `normal'
(Font)                  OT1/cmtt/m/n --> OT1/lmtt/m/n on input line 34.
LaTeX Font Info:    Overwriting math alphabet `\mathbf' in version `bold'
(Font)                  OT1/cmr/bx/n --> OT1/lmr/bx/n on input line 35.
LaTeX Font Info:    Overwriting math alphabet `\mathsf' in version `bold'
(Font)                  OT1/cmss/bx/n --> OT1/lmss/bx/n on input line 36.
LaTeX Font Info:    Overwriting math alphabet `\mathit' in version `bold'
(Font)                  OT1/cmr/bx/it --> OT1/lmr/bx/it on input line 37.
LaTeX Font Info:    Overwriting math alphabet `\mathtt' in version `bold'
(Font)                  OT1/cmtt/m/n --> OT1/lmtt/m/n on input line 38.
) (C:\Users\marco\AppData\Local\Programs\MiKTeX\tex/generic/iftex\iftex.sty
Package: iftex 2020/03/06 v1.0d TeX engine tests
) (C:\Users\marco\AppData\Local\Programs\MiKTeX\tex/latex/base\fontenc.sty
Package: fontenc 2020/08/10 v2.0s Standard LaTeX package
LaTeX Font Info:    Trying to load font information for T1+lmr on input line 11
2.
(C:\Users\marco\AppData\Local\Programs\MiKTeX\tex/latex/lm\t1lmr.fd
File: t1lmr.fd 2009/10/30 v1.6 Font defs for Latin Modern
)) (C:\Users\marco\AppData\Local\Programs\MiKTeX\tex/latex/base\inputenc.sty
Package: inputenc 2020/08/01 v1.3d Input encoding file
\inpenc@prehook=\toks20
\inpenc@posthook=\toks21
) (C:\Users\marco\AppData\Local\Programs\MiKTeX\tex/latex/base\textcomp.sty
Package: textcomp 2020/02/02 v2.0n Standard LaTeX package
) (C:\Users\marco\AppData\Local\Programs\MiKTeX\tex/latex/upquote\upquote.sty
Package: upquote 2012/04/19 v1.3 upright-quote and grave-accent glyphs in verba
tim
)
(C:\Users\marco\AppData\Local\Programs\MiKTeX\tex/latex/microtype\microtype.sty
Package: microtype 2020/12/07 v2.8 Micro-typographical refinements (RS)
(C:\Users\marco\AppData\Local\Programs\MiKTeX\tex/latex/graphics\keyval.sty
Package: keyval 2014/10/28 v1.15 key=value parser (DPC)
\KV@toks@=\toks22
)
\MT@toks=\toks23
\MT@count=\count197
LaTeX Info: Redefining \textls on input line 788.
\MT@outer@kern=\dimen148
LaTeX Info: Redefining \textmicrotypecontext on input line 1358.
\MT@listname@count=\count198

(C:\Users\marco\AppData\Local\Programs\MiKTeX\tex/latex/microtype\microtype-pdf
tex.def
File: microtype-pdftex.def 2020/12/07 v2.8 Definitions specific to pdftex (RS)
LaTeX Info: Redefining \lsstyle on input line 915.
LaTeX Info: Redefining \lslig on input line 915.
\MT@outer@space=\skip52
)
Package microtype Info: Loading configuration file microtype.cfg.

(C:\Users\marco\AppData\Local\Programs\MiKTeX\tex/latex/microtype\microtype.cfg
File: microtype.cfg 2020/12/07 v2.8 microtype main configuration file (RS)
)) (C:\Users\marco\AppData\Local\Programs\MiKTeX\tex/latex/parskip\parskip.sty
Package: parskip 2020-06-15 v2.0f non-zero parskip adjustments

(C:\Users\marco\AppData\Local\Programs\MiKTeX\tex/latex/kvoptions\kvoptions.sty
Package: kvoptions 2020-10-07 v3.14 Key value format for package options (HO)
(C:\Users\marco\AppData\Local\Programs\MiKTeX\tex/generic/ltxcmds\ltxcmds.sty
Package: ltxcmds 2020-05-10 v1.25 LaTeX kernel commands for general use (HO)
)
(C:\Users\marco\AppData\Local\Programs\MiKTeX\tex/generic/kvsetkeys\kvsetkeys.s
ty
Package: kvsetkeys 2019/12/15 v1.18 Key value parser (HO)
)) (C:\Users\marco\AppData\Local\Programs\MiKTeX\tex/latex/etoolbox\etoolbox.st
y
Package: etoolbox 2020/10/05 v2.5k e-TeX tools for LaTeX (JAW)
\etb@tempcnta=\count199
)) (C:\Users\marco\AppData\Local\Programs\MiKTeX\tex/latex/xcolor\xcolor.sty
Package: xcolor 2016/05/11 v2.12 LaTeX color extensions (UK)
(C:\Users\marco\AppData\Local\Programs\MiKTeX\tex/latex/graphics-cfg\color.cfg
File: color.cfg 2016/01/02 v1.6 sample color configuration
)
Package xcolor Info: Driver file: pdftex.def on input line 225.

(C:\Users\marco\AppData\Local\Programs\MiKTeX\tex/latex/graphics-def\pdftex.def
File: pdftex.def 2020/10/05 v1.2a Graphics/color driver for pdftex
)
Package xcolor Info: Model `cmy' substituted by `cmy0' on input line 1348.
Package xcolor Info: Model `hsb' substituted by `rgb' on input line 1352.
Package xcolor Info: Model `RGB' extended on input line 1364.
Package xcolor Info: Model `HTML' substituted by `rgb' on input line 1366.
Package xcolor Info: Model `Hsb' substituted by `hsb' on input line 1367.
Package xcolor Info: Model `tHsb' substituted by `hsb' on input line 1368.
Package xcolor Info: Model `HSB' substituted by `hsb' on input line 1369.
Package xcolor Info: Model `Gray' substituted by `gray' on input line 1370.
Package xcolor Info: Model `wave' substituted by `hsb' on input line 1371.
) (C:\Users\marco\AppData\Local\Programs\MiKTeX\tex/latex/xurl\xurl.sty
Package: xurl 2020/12/30 v 0.09a modify URL breaks
(C:\Users\marco\AppData\Local\Programs\MiKTeX\tex/latex/url\url.sty
\Urlmuskip=\muskip17
Package: url 2013/09/16  ver 3.4  Verb mode for urls, etc.
)) (C:\Users\marco\AppData\Local\Programs\MiKTeX\tex/latex/bookmark\bookmark.st
y
Package: bookmark 2020-11-06 v1.29 PDF bookmarks (HO)
(C:\Users\marco\AppData\Local\Programs\MiKTeX\tex/latex/hyperref\hyperref.sty
Package: hyperref 2020-05-15 v7.00e Hypertext links for LaTeX

(C:\Users\marco\AppData\Local\Programs\MiKTeX\tex/generic/pdftexcmds\pdftexcmds
.sty
Package: pdftexcmds 2020-06-27 v0.33 Utility functions of pdfTeX for LuaTeX (HO
)

(C:\Users\marco\AppData\Local\Programs\MiKTeX\tex/generic/infwarerr\infwarerr.s
ty
Package: infwarerr 2019/12/03 v1.5 Providing info/warning/error messages (HO)
)
Package pdftexcmds Info: \pdf@primitive is available.
Package pdftexcmds Info: \pdf@ifprimitive is available.
Package pdftexcmds Info: \pdfdraftmode found.
)
(C:\Users\marco\AppData\Local\Programs\MiKTeX\tex/generic/kvdefinekeys\kvdefine
keys.sty
Package: kvdefinekeys 2019-12-19 v1.6 Define keys (HO)
)
(C:\Users\marco\AppData\Local\Programs\MiKTeX\tex/generic/pdfescape\pdfescape.s
ty
Package: pdfescape 2019/12/09 v1.15 Implements pdfTeX's escape features (HO)
) (C:\Users\marco\AppData\Local\Programs\MiKTeX\tex/latex/hycolor\hycolor.sty
Package: hycolor 2020-01-27 v1.10 Color options for hyperref/bookmark (HO)
)
(C:\Users\marco\AppData\Local\Programs\MiKTeX\tex/latex/letltxmacro\letltxmacro
.sty
Package: letltxmacro 2019/12/03 v1.6 Let assignment for LaTeX macros (HO)
) (C:\Users\marco\AppData\Local\Programs\MiKTeX\tex/latex/auxhook\auxhook.sty
Package: auxhook 2019-12-17 v1.6 Hooks for auxiliary files (HO)
)
\@linkdim=\dimen149
\Hy@linkcounter=\count266
\Hy@pagecounter=\count267
(C:\Users\marco\AppData\Local\Programs\MiKTeX\tex/latex/hyperref\pd1enc.def
File: pd1enc.def 2020-05-15 v7.00e Hyperref: PDFDocEncoding definition (HO)
Now handling font encoding PD1 ...
... no UTF-8 mapping file for font encoding PD1
) (C:\Users\marco\AppData\Local\Programs\MiKTeX\tex/generic/intcalc\intcalc.sty
Package: intcalc 2019/12/15 v1.3 Expandable calculations with integers (HO)
)
(C:\Users\marco\AppData\Local\Programs\MiKTeX\tex/generic/etexcmds\etexcmds.sty
Package: etexcmds 2019/12/15 v1.7 Avoid name clashes with e-TeX commands (HO)
)
\Hy@SavedSpaceFactor=\count268
Package hyperref Info: Option `unicode' set `true' on input line 4338.
(C:\Users\marco\AppData\Local\Programs\MiKTeX\tex/latex/hyperref\puenc.def
File: puenc.def 2020-05-15 v7.00e Hyperref: PDF Unicode definition (HO)
Now handling font encoding PU ...
... no UTF-8 mapping file for font encoding PU
)
Package hyperref Info: Hyper figures OFF on input line 4464.
Package hyperref Info: Link nesting OFF on input line 4469.
Package hyperref Info: Hyper index ON on input line 4472.
Package hyperref Info: Plain pages OFF on input line 4479.
Package hyperref Info: Backreferencing OFF on input line 4484.
Package hyperref Info: Implicit mode ON; LaTeX internals redefined.
Package hyperref Info: Bookmarks ON on input line 4717.
\c@Hy@tempcnt=\count269
LaTeX Info: Redefining \url on input line 5076.
\XeTeXLinkMargin=\dimen150
(C:\Users\marco\AppData\Local\Programs\MiKTeX\tex/generic/bitset\bitset.sty
Package: bitset 2019/12/09 v1.3 Handle bit-vector datatype (HO)

(C:\Users\marco\AppData\Local\Programs\MiKTeX\tex/generic/bigintcalc\bigintcalc
.sty
Package: bigintcalc 2019/12/15 v1.5 Expandable calculations on big integers (HO
)
))
\Fld@menulength=\count270
\Field@Width=\dimen151
\Fld@charsize=\dimen152
Package hyperref Info: Hyper figures OFF on input line 6347.
Package hyperref Info: Link nesting OFF on input line 6352.
Package hyperref Info: Hyper index ON on input line 6355.
Package hyperref Info: backreferencing OFF on input line 6362.
Package hyperref Info: Link coloring OFF on input line 6367.
Package hyperref Info: Link coloring with OCG OFF on input line 6372.
Package hyperref Info: PDF/A mode OFF on input line 6377.
LaTeX Info: Redefining \ref on input line 6417.
LaTeX Info: Redefining \pageref on input line 6421.
(C:\Users\marco\AppData\Local\Programs\MiKTeX\tex/latex/base\atbegshi-ltx.sty
Package: atbegshi-ltx 2020/08/17 v1.0a Emulation of the original atbegshi packa
ge
with kernel methods
)
\Hy@abspage=\count271
\c@Item=\count272
\c@Hfootnote=\count273
)
Package hyperref Info: Driver (autodetected): hpdftex.
(C:\Users\marco\AppData\Local\Programs\MiKTeX\tex/latex/hyperref\hpdftex.def
File: hpdftex.def 2020-05-15 v7.00e Hyperref driver for pdfTeX
(C:\Users\marco\AppData\Local\Programs\MiKTeX\tex/latex/base\atveryend-ltx.sty
Package: atveryend-ltx 2020/08/19 v1.0a Emulation of the original atvery packag
e
with kernel methods
)
\Fld@listcount=\count274
\c@bookmark@seq@number=\count275

(C:\Users\marco\AppData\Local\Programs\MiKTeX\tex/latex/rerunfilecheck\rerunfil
echeck.sty
Package: rerunfilecheck 2019/12/05 v1.9 Rerun checks for auxiliary files (HO)

(C:\Users\marco\AppData\Local\Programs\MiKTeX\tex/generic/uniquecounter\uniquec
ounter.sty
Package: uniquecounter 2019/12/15 v1.4 Provide unlimited unique counter (HO)
)
Package uniquecounter Info: New unique counter `rerunfilecheck' on input line 2
86.
)
\Hy@SectionHShift=\skip53
)
(C:\Users\marco\AppData\Local\Programs\MiKTeX\tex/latex/bookmark\bkm-pdftex.def
File: bkm-pdftex.def 2020-11-06 v1.29 bookmark driver for pdfTeX (HO)
\BKM@id=\count276
)) (C:\Users\marco\AppData\Local\Programs\MiKTeX\tex/latex/geometry\geometry.st
y
Package: geometry 2020/01/02 v5.9 Page Geometry
(C:\Users\marco\AppData\Local\Programs\MiKTeX\tex/generic/iftex\ifvtex.sty
Package: ifvtex 2019/10/25 v1.7 ifvtex legacy package. Use iftex instead.
)
\Gm@cnth=\count277
\Gm@cntv=\count278
\c@Gm@tempcnt=\count279
\Gm@bindingoffset=\dimen153
\Gm@wd@mp=\dimen154
\Gm@odd@mp=\dimen155
\Gm@even@mp=\dimen156
\Gm@layoutwidth=\dimen157
\Gm@layoutheight=\dimen158
\Gm@layouthoffset=\dimen159
\Gm@layoutvoffset=\dimen160
\Gm@dimlist=\toks24
(C:\Users\marco\AppData\Local\Programs\MiKTeX\tex/latex/geometry\geometry.cfg))
(C:\Users\marco\AppData\Local\Programs\MiKTeX\tex/latex/graphics\graphicx.sty
Package: graphicx 2020/09/09 v1.2b Enhanced LaTeX Graphics (DPC,SPQR)
(C:\Users\marco\AppData\Local\Programs\MiKTeX\tex/latex/graphics\graphics.sty
Package: graphics 2020/08/30 v1.4c Standard LaTeX Graphics (DPC,SPQR)
(C:\Users\marco\AppData\Local\Programs\MiKTeX\tex/latex/graphics\trig.sty
Package: trig 2016/01/03 v1.10 sin cos tan (DPC)
)
(C:\Users\marco\AppData\Local\Programs\MiKTeX\tex/latex/graphics-cfg\graphics.c
fg
File: graphics.cfg 2016/06/04 v1.11 sample graphics configuration
)
Package graphics Info: Driver file: pdftex.def on input line 105.
)
\Gin@req@height=\dimen161
\Gin@req@width=\dimen162
)
\cslhangindent=\skip54
\csllabelwidth=\skip55
\cslentryspacingunit=\skip56
(C:\Users\marco\AppData\Local\Programs\MiKTeX\tex/latex/latex-tools\calc.sty
Package: calc 2017/05/25 v4.3 Infix arithmetic (KKT,FJ)
\calc@Acount=\count280
\calc@Bcount=\count281
\calc@Adimen=\dimen163
\calc@Bdimen=\dimen164
\calc@Askip=\skip57
\calc@Bskip=\skip58
LaTeX Info: Redefining \setlength on input line 80.
LaTeX Info: Redefining \addtolength on input line 81.
\calc@Ccount=\count282
\calc@Cskip=\skip59
) (C:\Users\marco\AppData\Local\Programs\MiKTeX\tex/latex/caption\caption.sty
Package: caption 2020/10/26 v3.5g Customizing captions (AR)
(C:\Users\marco\AppData\Local\Programs\MiKTeX\tex/latex/caption\caption3.sty
Package: caption3 2020/10/21 v2.2e caption3 kernel (AR)
\captionmargin=\dimen165
\captionmargin@=\dimen166
\captionwidth=\dimen167
\caption@tempdima=\dimen168
\caption@indent=\dimen169
\caption@parindent=\dimen170
\caption@hangindent=\dimen171
Package caption Info: Standard document class detected.
)
\c@caption@flags=\count283
\c@continuedfloat=\count284
Package caption Info: hyperref package is loaded.
) (C:\Users\marco\AppData\Local\Programs\MiKTeX\tex/latex/sectsty\sectsty.sty
Package: sectsty 2002/02/25 v2.0.2 Commands to change all sectional heading sty
les

LaTeX Warning: Command \underbar  has changed.
               Check if current package is valid.


LaTeX Warning: Command \underline  has changed.
               Check if current package is valid.

) (C:\Users\marco\AppData\Local\Programs\MiKTeX\tex/generic/babel\babel.sty
Package: babel 2021/01/26 3.53 The Babel package
(C:\Users\marco\AppData\Local\Programs\MiKTeX\tex/generic/babel\babel.def
File: babel.def 2021/01/26 3.53 Babel common definitions
\babel@savecnt=\count285
\U@D=\dimen172
\l@babelnohyphens=\language79
(C:\Users\marco\AppData\Local\Programs\MiKTeX\tex/generic/babel\txtbabel.def)
\bbl@readstream=\read2
)
\bbl@dirlevel=\count286
*************************************
* Local config file bblopts.cfg used
*
(C:\Users\marco\AppData\Local\Programs\MiKTeX\tex/latex/arabi\bblopts.cfg
File: bblopts.cfg 2005/09/08 v0.1 add Arabic and Farsi to "declared" options of
 babel
)
(C:\Users\marco\AppData\Local\Programs\MiKTeX\tex/latex/babel-spanish\spanish.l
df
Language: spanish.ldf 2016/03/03 v5.0p Spanish support from the babel system
\es@quottoks=\toks25
\es@quotdepth=\count287
Package babel Info: Making " an active character on input line 561.
Package babel Info: Making . an active character on input line 662.
Package babel Info: Making < an active character on input line 707.
Package babel Info: Making > an active character on input line 707.
)) (C:\Users\marco\AppData\Local\Programs\MiKTeX\tex/latex/multirow\multirow.st
y
Package: multirow 2021/01/29 v2.7 Span multiple rows of a table
\multirow@colwidth=\skip60
\multirow@cntb=\count288
\multirow@dima=\skip61
\bigstrutjot=\dimen173
) (C:\Users\marco\AppData\Local\Programs\MiKTeX\tex/latex/graphics\rotating.sty
Package: rotating 2016/08/11 v2.16d rotated objects in LaTeX
(C:\Users\marco\AppData\Local\Programs\MiKTeX\tex/latex/base\ifthen.sty
Package: ifthen 2014/09/29 v1.1c Standard LaTeX ifthen package (DPC)
)
\c@r@tfl@t=\count289
\rotFPtop=\skip62
\rotFPbot=\skip63
\rot@float@box=\box49
\rot@mess@toks=\toks26
) (C:\Users\marco\AppData\Local\Programs\MiKTeX\tex/latex/fancyhdr\fancyhdr.sty
Package: fancyhdr 2021/01/28 v4.0.1 Extensive control of page headers and foote
rs
\f@nch@headwidth=\skip64
\f@nch@O@elh=\skip65
\f@nch@O@erh=\skip66
\f@nch@O@olh=\skip67
\f@nch@O@orh=\skip68
\f@nch@O@elf=\skip69
\f@nch@O@erf=\skip70
\f@nch@O@olf=\skip71
\f@nch@O@orf=\skip72
) (C:\Users\marco\AppData\Local\Programs\MiKTeX\tex/latex/lastpage\lastpage.sty
Package: lastpage 2015/03/29 v1.2m Refers to last page's name (HMM; JPG)
) (C:\Users\marco\AppData\Local\Programs\MiKTeX\tex/latex/imakeidx\imakeidx.sty
Package: imakeidx 2016/10/15 v1.3e Package for typesetting indices in a synchro
nous mode
(C:\Users\marco\AppData\Local\Programs\MiKTeX\tex/latex/xkeyval\xkeyval.sty
Package: xkeyval 2020/11/20 v2.8 package option processing (HA)
(C:\Users\marco\AppData\Local\Programs\MiKTeX\tex/generic/xkeyval\xkeyval.tex (
C:\Users\marco\AppData\Local\Programs\MiKTeX\tex/generic/xkeyval\xkvutils.tex
\XKV@toks=\toks27
\XKV@tempa@toks=\toks28
)
\XKV@depth=\count290
File: xkeyval.tex 2014/12/03 v2.7a key=value parser (HA)
)) (C:\Users\marco\AppData\Local\Programs\MiKTeX\tex/generic/iftex\ifxetex.sty
Package: ifxetex 2019/10/25 v0.7 ifxetex legacy package. Use iftex instead.
) (C:\Users\marco\AppData\Local\Programs\MiKTeX\tex/generic/iftex\ifluatex.sty
Package: ifluatex 2019/10/25 v1.5 ifluatex legacy package. Use iftex instead.
)
(C:\Users\marco\AppData\Local\Programs\MiKTeX\tex/latex/latex-tools\multicol.st
y
Package: multicol 2019/12/09 v1.8y multicolumn formatting (FMi)
\c@tracingmulticols=\count291
\mult@box=\box50
\multicol@leftmargin=\dimen174
\c@unbalance=\count292
\c@collectmore=\count293
\doublecol@number=\count294
\multicoltolerance=\count295
\multicolpretolerance=\count296
\full@width=\dimen175
\page@free=\dimen176
\premulticols=\dimen177
\postmulticols=\dimen178
\multicolsep=\skip73
\multicolbaselineskip=\skip74
\partial@page=\box51
\last@line=\box52
\maxbalancingoverflow=\dimen179
\mult@rightbox=\box53
\mult@grightbox=\box54
\mult@gfirstbox=\box55
\mult@firstbox=\box56
\@tempa=\box57
\@tempa=\box58
\@tempa=\box59
\@tempa=\box60
\@tempa=\box61
\@tempa=\box62
\@tempa=\box63
\@tempa=\box64
\@tempa=\box65
\@tempa=\box66
\@tempa=\box67
\@tempa=\box68
\@tempa=\box69
\@tempa=\box70
\@tempa=\box71
\@tempa=\box72
\@tempa=\box73
\@tempa=\box74
\@tempa=\box75
\@tempa=\box76
\@tempa=\box77
\@tempa=\box78
\@tempa=\box79
\@tempa=\box80
\@tempa=\box81
\@tempa=\box82
\@tempa=\box83
\@tempa=\box84
\@tempa=\box85
\@tempa=\box86
\@tempa=\box87
\@tempa=\box88
\@tempa=\box89
\@tempa=\box90
\@tempa=\box91
\@tempa=\box92
\@tempa=\box93
\c@minrows=\count297
\c@columnbadness=\count298
\c@finalcolumnbadness=\count299
\last@try=\dimen180
\multicolovershoot=\dimen181
\multicolundershoot=\dimen182
\mult@nat@firstbox=\box94
\colbreak@box=\box95
\mc@col@check@num=\count300
))
(C:\Users\marco\AppData\Local\Programs\MiKTeX\tex/latex/latex-tools\longtable.s
ty
Package: longtable 2020/01/07 v4.13 Multi-page Table package (DPC)
\LTleft=\skip75
\LTright=\skip76
\LTpre=\skip77
\LTpost=\skip78
\LTchunksize=\count301
\LTcapwidth=\dimen183
\LT@head=\box96
\LT@firsthead=\box97
\LT@foot=\box98
\LT@lastfoot=\box99
\LT@cols=\count302
\LT@rows=\count303
\c@LT@tables=\count304
\c@LT@chunks=\count305
\LT@p@ftn=\toks29
) (C:\Users\marco\AppData\Local\Programs\MiKTeX\tex/latex/graphics\lscape.sty
Package: lscape 2020/05/28 v3.02 Landscape Pages (DPC)
) (C:\Users\marco\AppData\Local\Programs\MiKTeX\tex/latex/subfig\subfig.sty
Package: subfig 2005/06/28 ver: 1.3 subfig package
\c@KVtest=\count306
\sf@farskip=\skip79
\sf@captopadj=\dimen184
\sf@capskip=\skip80
\sf@nearskip=\skip81
\c@subfigure=\count307
\c@subfigure@save=\count308
\c@lofdepth=\count309
\c@subtable=\count310
\c@subtable@save=\count311
\c@lotdepth=\count312
\sf@top=\skip82
\sf@bottom=\skip83
) (C:\Users\marco\AppData\Local\Programs\MiKTeX\tex/latex/base\fontenc.sty
Package: fontenc 2020/08/10 v2.0s Standard LaTeX package
) (C:\Users\marco\AppData\Local\Programs\MiKTeX\tex/latex/psnfss\helvet.sty
Package: helvet 2020/03/25 PSNFSS-v9.3 (WaS) 
)
(C:\Users\marco\AppData\Local\Programs\MiKTeX\tex/latex/changepage\changepage.s
ty
Package: changepage 2009/10/20 v1.0c check page and change page layout
\c@cp@cntr=\count313
\cp@tempcnt=\count314
)
(C:\Users\marco\AppData\Local\Programs\MiKTeX\tex/latex/latex-tools\afterpage.s
ty
Package: afterpage 2014/10/28 v1.08 After-Page Package (DPC)
\AP@output=\toks30
\AP@partial=\box100
\AP@footins=\box101
) (C:\Users\marco\AppData\Local\Programs\MiKTeX\tex/latex/psnfss\utopia.sty
Package: utopia 2020/03/25 PSNFSS-v9.3 (P.Dyballa) 

Package utopia Warning: This package is to be regarded as obsolete.
(utopia)                See the PSNFSS documentation.

) (C:\Users\marco\AppData\Local\Programs\MiKTeX\tex/latex/booktabs\booktabs.sty
Package: booktabs 2020/01/12 v1.61803398 Publication quality tables
\heavyrulewidth=\dimen185
\lightrulewidth=\dimen186
\cmidrulewidth=\dimen187
\belowrulesep=\dimen188
\belowbottomsep=\dimen189
\aboverulesep=\dimen190
\abovetopsep=\dimen191
\cmidrulesep=\dimen192
\cmidrulekern=\dimen193
\defaultaddspace=\dimen194
\@cmidla=\count315
\@cmidlb=\count316
\@aboverulesep=\dimen195
\@belowrulesep=\dimen196
\@thisruleclass=\count317
\@lastruleclass=\count318
\@thisrulewidth=\dimen197
) (C:\Users\marco\AppData\Local\Programs\MiKTeX\tex/latex/latex-tools\array.sty
Package: array 2020/10/01 v2.5c Tabular extension package (FMi)
\col@sep=\dimen198
\ar@mcellbox=\box102
\extrarowheight=\dimen199
\NC@list=\toks31
\extratabsurround=\skip84
\backup@length=\skip85
\ar@cellbox=\box103
) (C:\Users\marco\AppData\Local\Programs\MiKTeX\tex/latex/wrapfig\wrapfig.sty
\wrapoverhang=\dimen256
\WF@size=\dimen257
\c@WF@wrappedlines=\count319
\WF@box=\box104
\WF@everypar=\toks32
Package: wrapfig 2003/01/31  v 3.6
) (C:\Users\marco\AppData\Local\Programs\MiKTeX\tex/latex/float\float.sty
Package: float 2001/11/08 v1.3d Float enhancements (AL)
\c@float@type=\count320
\float@exts=\toks33
\float@box=\box105
\@float@everytoks=\toks34
\@floatcapt=\box106
) (C:\Users\marco\AppData\Local\Programs\MiKTeX\tex/latex/colortbl\colortbl.sty
Package: colortbl 2020/01/04 v1.0e Color table columns (DPC)
\everycr=\toks35
\minrowclearance=\skip86
)
(C:\Users\marco\AppData\Local\Programs\MiKTeX\tex/latex/pdflscape\pdflscape.sty
Package: pdflscape 2019/12/05 v0.12 Display of landscape pages in PDF (HO)
Package pdflscape Info: Auto-detected driver: pdftex on input line 81.
) (C:\Users\marco\AppData\Local\Programs\MiKTeX\tex/latex/tabu\tabu.sty
Package: tabu 2019/01/11 v2.9 - flexible LaTeX tabulars (FC+tabu-fixed)
(C:\Users\marco\AppData\Local\Programs\MiKTeX\tex/latex/varwidth\varwidth.sty
Package: varwidth 2009/03/30 ver 0.92;  Variable-width minipages
\@vwid@box=\box107
\sift@deathcycles=\count321
\@vwid@loff=\dimen258
\@vwid@roff=\dimen259
)
\c@taburow=\count322
\tabu@nbcols=\count323
\tabu@cnt=\count324
\tabu@Xcol=\count325
\tabu@alloc=\count326
\tabu@nested=\count327
\tabu@target=\dimen260
\tabu@spreadtarget=\dimen261
\tabu@naturalX=\dimen262
\tabucolX=\dimen263
\tabu@Xsum=\dimen264
\extrarowdepth=\dimen265
\abovetabulinesep=\dimen266
\belowtabulinesep=\dimen267
\tabustrutrule=\dimen268
\tabu@thebody=\toks36
\tabu@footnotes=\toks37
\tabu@box=\box108
\tabu@arstrutbox=\box109
\tabu@hleads=\box110
\tabu@vleads=\box111
\tabu@cellskip=\skip87
)
(C:\Users\marco\AppData\Local\Programs\MiKTeX\tex/latex/threeparttable\threepar
ttable.sty
Package: threeparttable 2003/06/13  v 3.0
\@tempboxb=\box112
)
(C:\Users\marco\AppData\Local\Programs\MiKTeX\tex/latex/threeparttablex\threepa
rttablex.sty
Package: threeparttablex 2013/07/23 v0.3 by daleif
(C:\Users\marco\AppData\Local\Programs\MiKTeX\tex/latex/environ\environ.sty
Package: environ 2014/05/04 v0.3 A new way to define environments

(C:\Users\marco\AppData\Local\Programs\MiKTeX\tex/latex/trimspaces\trimspaces.s
ty
Package: trimspaces 2009/09/17 v1.1 Trim spaces around a token list
))
\TPTL@width=\skip88
) (C:\Users\marco\AppData\Local\Programs\MiKTeX\tex/latex/ulem\ulem.sty
\UL@box=\box113
\UL@hyphenbox=\box114
\UL@skip=\skip89
\UL@hook=\toks38
\UL@height=\dimen269
\UL@pe=\count328
\UL@pixel=\dimen270
\ULC@box=\box115
Package: ulem 2019/11/18
\ULdepth=\dimen271
) (C:\Users\marco\AppData\Local\Programs\MiKTeX\tex/latex/makecell\makecell.sty
Package: makecell 2009/08/03 V0.1e Managing of Tab Column Heads and Cells
\rotheadsize=\dimen272
\c@nlinenum=\count329
\TeXr@lab=\toks39
)
LaTeX Font Info:    Trying to load font information for T1+put on input line 13
3.
(C:\Users\marco\AppData\Local\Programs\MiKTeX\tex/latex/psnfss\t1put.fd
File: t1put.fd 2001/06/04 font definitions for T1/put.
)
(C:\Users\marco\AppData\Local\Programs\MiKTeX\tex/latex/l3backend\l3backend-pdf
tex.def
File: l3backend-pdftex.def 2020-01-29 L3 backend support: PDF output (pdfTeX)
\l__color_backend_stack_int=\count330
\l__pdf_internal_box=\box116
) (Tesis.aux
LaTeX Info: Redefining \. on input line 26.
LaTeX Info: Redefining \% on input line 26.

LaTeX Warning: Label `tab:my-table' multiply defined.


LaTeX Warning: Label `tab:my-table' multiply defined.

)
\openout1 = `Tesis.aux'.

LaTeX Font Info:    Checking defaults for OML/cmm/m/it on input line 133.
LaTeX Font Info:    ... okay on input line 133.
LaTeX Font Info:    Checking defaults for OMS/cmsy/m/n on input line 133.
LaTeX Font Info:    ... okay on input line 133.
LaTeX Font Info:    Checking defaults for OT1/cmr/m/n on input line 133.
LaTeX Font Info:    ... okay on input line 133.
LaTeX Font Info:    Checking defaults for T1/cmr/m/n on input line 133.
LaTeX Font Info:    ... okay on input line 133.
LaTeX Font Info:    Checking defaults for TS1/cmr/m/n on input line 133.
LaTeX Font Info:    ... okay on input line 133.
LaTeX Font Info:    Checking defaults for OMX/cmex/m/n on input line 133.
LaTeX Font Info:    ... okay on input line 133.
LaTeX Font Info:    Checking defaults for U/cmr/m/n on input line 133.
LaTeX Font Info:    ... okay on input line 133.
LaTeX Font Info:    Checking defaults for PD1/pdf/m/n on input line 133.
LaTeX Font Info:    ... okay on input line 133.
LaTeX Font Info:    Checking defaults for PU/pdf/m/n on input line 133.
LaTeX Font Info:    ... okay on input line 133.
LaTeX Info: Redefining \microtypecontext on input line 133.
Package microtype Info: Generating PDF output.
Package microtype Info: Character protrusion enabled (level 2).
Package microtype Info: Using protrusion set `basicmath'.
Package microtype Info: Automatic font expansion enabled (level 2),
(microtype)             stretch: 20, shrink: 20, step: 1, non-selected.
Package microtype Info: Using default expansion set `alltext-nott'.
LaTeX Info: Redefining \showhyphens on input line 133.
Package microtype Info: No adjustment of tracking.
Package microtype Info: No adjustment of interword spacing.
Package microtype Info: No adjustment of character kerning.
Package microtype Info: Loading generic protrusion settings for font family
(microtype)             `put' (encoding: T1).
(microtype)             For optimal results, create family-specific settings.
(microtype)             See the microtype manual for details.

(C:\Users\marco\AppData\Local\Programs\MiKTeX\tex/context/base/mkii\supp-pdf.mk
ii
[Loading MPS to PDF converter (version 2006.09.02).]
\scratchcounter=\count331
\scratchdimen=\dimen273
\scratchbox=\box117
\nofMPsegments=\count332
\nofMParguments=\count333
\everyMPshowfont=\toks40
\MPscratchCnt=\count334
\MPscratchDim=\dimen274
\MPnumerator=\count335
\makeMPintoPDFobject=\count336
\everyMPtoPDFconversion=\toks41
)
(C:\Users\marco\AppData\Local\Programs\MiKTeX\tex/latex/epstopdf-pkg\epstopdf-b
ase.sty
Package: epstopdf-base 2020-01-24 v2.11 Base part for package epstopdf
Package epstopdf-base Info: Redefining graphics rule for `.eps' on input line 4
85.
)
Package hyperref Info: Link coloring OFF on input line 133.
(C:\Users\marco\AppData\Local\Programs\MiKTeX\tex/latex/hyperref\nameref.sty
Package: nameref 2019/09/16 v2.46 Cross-referencing by name of section
(C:\Users\marco\AppData\Local\Programs\MiKTeX\tex/latex/refcount\refcount.sty
Package: refcount 2019/12/15 v3.6 Data extraction from label references (HO)
)
(C:\Users\marco\AppData\Local\Programs\MiKTeX\tex/generic/gettitlestring\gettit
lestring.sty
Package: gettitlestring 2019/12/15 v1.6 Cleanup title references (HO)
)
\c@section@level=\count337
)
LaTeX Info: Redefining \ref on input line 133.
LaTeX Info: Redefining \pageref on input line 133.
LaTeX Info: Redefining \nameref on input line 133.
*geometry* driver: auto-detecting
*geometry* detected driver: pdftex
*geometry* verbose mode - [ preamble ] result:
* driver: pdftex
* paper: <default>
* layout: <same size as paper>
* layoutoffset:(h,v)=(0.0pt,0.0pt)
* modes: 
* h-part:(L,W,R)=(72.2698pt, 469.75539pt, 72.2698pt)
* v-part:(T,H,B)=(72.2698pt, 650.43037pt, 72.2698pt)
* \paperwidth=614.295pt
* \paperheight=794.96999pt
* \textwidth=469.75539pt
* \textheight=650.43037pt
* \oddsidemargin=-0.00018pt
* \evensidemargin=-0.00018pt
* \topmargin=-37.00018pt
* \headheight=12.0pt
* \headsep=25.0pt
* \topskip=12.0pt
* \footskip=30.0pt
* \marginparwidth=44.0pt
* \marginparsep=10.0pt
* \columnsep=10.0pt
* \skip\footins=10.8pt plus 4.0pt minus 2.0pt
* \hoffset=0.0pt
* \voffset=0.0pt
* \mag=1000
* \@twocolumnfalse
* \@twosidefalse
* \@mparswitchfalse
* \@reversemarginfalse
* (1in=72.27pt=25.4mm, 1cm=28.453pt)

Package caption Info: Begin \AtBeginDocument code.
Package caption Info: subfig package v1.3 is loaded.
Package caption Info: changepage package is loaded.
\caption@adjustwidth@hsize=\dimen275
\caption@adjustwidth@linewidth=\dimen276
Package caption Info: float package is loaded.
Package caption Info: longtable package is loaded.
(C:\Users\marco\AppData\Local\Programs\MiKTeX\tex/latex/caption\ltcaption.sty
Package: ltcaption 2020/05/30 v1.4b longtable captions (AR)
)
Package caption Info: rotating package is loaded.
Package caption Info: threeparttable package is loaded.
Package caption Info: wrapfig package is loaded.
Package caption Info: End \AtBeginDocument code.
LaTeX Info: Redefining \. on input line 133.
LaTeX Info: Redefining \% on input line 133.
Package lastpage Info: Please have a look at the pageslts package at
(lastpage)             https://www.ctan.org/pkg/pageslts
(lastpage)             ! on input line 133.
LaTeX Font Info:    Trying to load font information for T1+phv on input line 13
7.
(C:\Users\marco\AppData\Local\Programs\MiKTeX\tex/latex/psnfss\t1phv.fd
File: t1phv.fd 2020/03/25 scalable font definitions for T1/phv.
)
Package microtype Info: Loading generic protrusion settings for font family
(microtype)             `phv' (encoding: T1).
(microtype)             For optimal results, create family-specific settings.
(microtype)             See the microtype manual for details.
<Im√°genes/Portada.png, id=3, 477.58424pt x 91.542pt>
File: Im√°genes/Portada.png Graphic file (type png)
<use Im√°genes/Portada.png>
Package pdftex.def Info: Im√°genes/Portada.png  used on input line 140.
(pdftex.def)             Requested size: 477.59035pt x 91.54317pt.

Overfull \hbox (7.83496pt too wide) in paragraph at lines 140--140
 [] 
 []

[1

{C:/Users/marco/AppData/Local/MiKTeX/pdftex/config/pdftex.map} <./Im√°genes/Por
tada.png>]
Underfull \hbox (badness 10000) in paragraph at lines 171--173

 []

pdfTeX warning (ext4): destination with the same identifier (name{page.1}) has 
been already used, duplicate ignored
<to be read again> 
                   \relax 
l.190 \end{titlepage}
                      [1]pdfTeX warning (ext4): destination with the same ident
ifier (name{page.1}) has been already used, duplicate ignored
<to be read again> 
                   \relax 
l.194 \end{titlepage}
                      [1]
Underfull \hbox (badness 10000) in paragraph at lines 201--203

 []

pdfTeX warning (ext4): destination with the same identifier (name{page.1}) has 
been already used, duplicate ignored
<to be read again> 
                   \relax 
l.212 \end{titlepage}
                      [1]pdfTeX warning (ext4): destination with the same ident
ifier (name{page.1}) has been already used, duplicate ignored
<to be read again> 
                   \relax 
l.216 \end{titlepage}
                      [1] (Tesis.toc
LaTeX Info: Redefining \. on input line 1.
LaTeX Info: Redefining \% on input line 1.
LaTeX Font Info:    Trying to load font information for OT1+lmr on input line 4
.
(C:\Users\marco\AppData\Local\Programs\MiKTeX\tex/latex/lm\ot1lmr.fd
File: ot1lmr.fd 2009/10/30 v1.6 Font defs for Latin Modern
) (C:\Users\marco\AppData\Local\Programs\MiKTeX\tex/latex/microtype\mt-cmr.cfg
File: mt-cmr.cfg 2013/05/19 v2.2 microtype config. file: Computer Modern Roman 
(RS)
)
LaTeX Font Info:    Trying to load font information for OML+lmm on input line 4
.
(C:\Users\marco\AppData\Local\Programs\MiKTeX\tex/latex/lm\omllmm.fd
File: omllmm.fd 2009/10/30 v1.6 Font defs for Latin Modern
)
LaTeX Font Info:    Trying to load font information for OMS+lmsy on input line 
4.
(C:\Users\marco\AppData\Local\Programs\MiKTeX\tex/latex/lm\omslmsy.fd
File: omslmsy.fd 2009/10/30 v1.6 Font defs for Latin Modern
)
LaTeX Font Info:    Trying to load font information for OMX+lmex on input line 
4.
(C:\Users\marco\AppData\Local\Programs\MiKTeX\tex/latex/lm\omxlmex.fd
File: omxlmex.fd 2009/10/30 v1.6 Font defs for Latin Modern
)
LaTeX Font Info:    External font `lmex10' loaded for size
(Font)              <12> on input line 4.
LaTeX Font Info:    External font `lmex10' loaded for size
(Font)              <8> on input line 4.
LaTeX Font Info:    External font `lmex10' loaded for size
(Font)              <6> on input line 4.
LaTeX Font Info:    Trying to load font information for U+msa on input line 4.
(C:\Users\marco\AppData\Local\Programs\MiKTeX\tex/latex/amsfonts\umsa.fd
File: umsa.fd 2013/01/14 v3.01 AMS symbols A
) (C:\Users\marco\AppData\Local\Programs\MiKTeX\tex/latex/microtype\mt-msa.cfg
File: mt-msa.cfg 2006/02/04 v1.1 microtype config. file: AMS symbols (a) (RS)
)
LaTeX Font Info:    Trying to load font information for U+msb on input line 4.
(C:\Users\marco\AppData\Local\Programs\MiKTeX\tex/latex/amsfonts\umsb.fd
File: umsb.fd 2013/01/14 v3.01 AMS symbols B
) (C:\Users\marco\AppData\Local\Programs\MiKTeX\tex/latex/microtype\mt-msb.cfg
File: mt-msb.cfg 2005/06/01 v1.0 microtype config. file: AMS symbols (b) (RS)
))
\tf@toc=\write3
\openout3 = `Tesis.toc'.

LaTeX Info: Redefining \. on input line 234.
LaTeX Info: Redefining \% on input line 234.

Package fancyhdr Warning: \headheight is too small (12.0pt): 
(fancyhdr)                Make it at least 15.07796pt, for example:
(fancyhdr)                \setlength{\headheight}{15.07796pt}.
(fancyhdr)                You might also make \topmargin smaller to compensate:

(fancyhdr)                \addtolength{\topmargin}{-3.07796pt}.

pdfTeX warning (ext4): destination with the same identifier (name{page.1}) has 
been already used, duplicate ignored
<to be read again> 
                   \relax 
l.234 \newpage
               [1]
LaTeX Info: Redefining \. on input line 282.
LaTeX Info: Redefining \% on input line 282.

Package fancyhdr Warning: \headheight is too small (12.0pt): 
(fancyhdr)                Make it at least 15.07796pt, for example:
(fancyhdr)                \setlength{\headheight}{15.07796pt}.
(fancyhdr)                You might also make \topmargin smaller to compensate:

(fancyhdr)                \addtolength{\topmargin}{-3.07796pt}.

[2]
LaTeX Info: Redefining \. on input line 337.
LaTeX Info: Redefining \% on input line 337.

Package fancyhdr Warning: \headheight is too small (12.0pt): 
(fancyhdr)                Make it at least 15.07796pt, for example:
(fancyhdr)                \setlength{\headheight}{15.07796pt}.
(fancyhdr)                You might also make \topmargin smaller to compensate:

(fancyhdr)                \addtolength{\topmargin}{-3.07796pt}.

[3]
LaTeX Info: Redefining \. on input line 391.
LaTeX Info: Redefining \% on input line 391.

Package fancyhdr Warning: \headheight is too small (12.0pt): 
(fancyhdr)                Make it at least 15.07796pt, for example:
(fancyhdr)                \setlength{\headheight}{15.07796pt}.
(fancyhdr)                You might also make \topmargin smaller to compensate:

(fancyhdr)                \addtolength{\topmargin}{-3.07796pt}.

[4]
LaTeX Info: Redefining \. on input line 409.
LaTeX Info: Redefining \% on input line 409.

Package fancyhdr Warning: \headheight is too small (12.0pt): 
(fancyhdr)                Make it at least 15.07796pt, for example:
(fancyhdr)                \setlength{\headheight}{15.07796pt}.
(fancyhdr)                You might also make \topmargin smaller to compensate:

(fancyhdr)                \addtolength{\topmargin}{-3.07796pt}.

[5]
LaTeX Info: Redefining \. on input line 449.
LaTeX Info: Redefining \% on input line 449.

Package fancyhdr Warning: \headheight is too small (12.0pt): 
(fancyhdr)                Make it at least 15.07796pt, for example:
(fancyhdr)                \setlength{\headheight}{15.07796pt}.
(fancyhdr)                You might also make \topmargin smaller to compensate:

(fancyhdr)                \addtolength{\topmargin}{-3.07796pt}.

[6]
LaTeX Info: Redefining \. on input line 512.
LaTeX Info: Redefining \% on input line 512.

Package fancyhdr Warning: \headheight is too small (12.0pt): 
(fancyhdr)                Make it at least 15.07796pt, for example:
(fancyhdr)                \setlength{\headheight}{15.07796pt}.
(fancyhdr)                You might also make \topmargin smaller to compensate:

(fancyhdr)                \addtolength{\topmargin}{-3.07796pt}.

[7]
LaTeX Info: Redefining \. on input line 567.
LaTeX Info: Redefining \% on input line 567.

Package fancyhdr Warning: \headheight is too small (12.0pt): 
(fancyhdr)                Make it at least 15.07796pt, for example:
(fancyhdr)                \setlength{\headheight}{15.07796pt}.
(fancyhdr)                You might also make \topmargin smaller to compensate:

(fancyhdr)                \addtolength{\topmargin}{-3.07796pt}.

[8]
LaTeX Info: Redefining \. on input line 629.
LaTeX Info: Redefining \% on input line 629.

Package fancyhdr Warning: \headheight is too small (12.0pt): 
(fancyhdr)                Make it at least 15.07796pt, for example:
(fancyhdr)                \setlength{\headheight}{15.07796pt}.
(fancyhdr)                You might also make \topmargin smaller to compensate:

(fancyhdr)                \addtolength{\topmargin}{-3.07796pt}.

[9]
<Tesis_files/figure-latex/DELITOS NACIONAL GENERAL-1.pdf, id=124, 469.755pt x 3
25.215pt>
File: Tesis_files/figure-latex/DELITOS NACIONAL GENERAL-1.pdf Graphic file (typ
e pdf)
<use Tesis_files/figure-latex/DELITOS NACIONAL GENERAL-1.pdf>
Package pdftex.def Info: Tesis_files/figure-latex/DELITOS NACIONAL GENERAL-1.pd
f  used on input line 670.
(pdftex.def)             Requested size: 469.75386pt x 325.2142pt.
LaTeX Info: Redefining \. on input line 672.
LaTeX Info: Redefining \% on input line 672.

Package fancyhdr Warning: \headheight is too small (12.0pt): 
(fancyhdr)                Make it at least 15.07796pt, for example:
(fancyhdr)                \setlength{\headheight}{15.07796pt}.
(fancyhdr)                You might also make \topmargin smaller to compensate:

(fancyhdr)                \addtolength{\topmargin}{-3.07796pt}.

[10]
<Tesis_files/figure-latex/DELITOS Y HOMICIDIOS NACIONAL-1.pdf, id=131, 469.755p
t x 325.215pt>
File: Tesis_files/figure-latex/DELITOS Y HOMICIDIOS NACIONAL-1.pdf Graphic file
 (type pdf)
<use Tesis_files/figure-latex/DELITOS Y HOMICIDIOS NACIONAL-1.pdf>
Package pdftex.def Info: Tesis_files/figure-latex/DELITOS Y HOMICIDIOS NACIONAL
-1.pdf  used on input line 683.
(pdftex.def)             Requested size: 469.75386pt x 325.2142pt.
LaTeX Info: Redefining \. on input line 685.
LaTeX Info: Redefining \% on input line 685.

Package fancyhdr Warning: \headheight is too small (12.0pt): 
(fancyhdr)                Make it at least 15.07796pt, for example:
(fancyhdr)                \setlength{\headheight}{15.07796pt}.
(fancyhdr)                You might also make \topmargin smaller to compensate:

(fancyhdr)                \addtolength{\topmargin}{-3.07796pt}.

[11 <./Tesis_files/figure-latex/DELITOS NACIONAL GENERAL-1.pdf>]
<C:/Users/marco/OneDrive/Documents/COLMEX/Tesis/Doc/Im√°genes/Venn.jpg, id=143,
 1453.43pt x 692.5875pt>
File: C:/Users/marco/OneDrive/Documents/COLMEX/Tesis/Doc/Im√°genes/Venn.jpg Gra
phic file (type jpg)
<use C:/Users/marco/OneDrive/Documents/COLMEX/Tesis/Doc/Im√°genes/Venn.jpg>
Package pdftex.def Info: C:/Users/marco/OneDrive/Documents/COLMEX/Tesis/Doc/Im√
°genes/Venn.jpg  used on input line 696.
(pdftex.def)             Requested size: 469.7422pt x 223.84123pt.
LaTeX Info: Redefining \. on input line 698.
LaTeX Info: Redefining \% on input line 698.

Package fancyhdr Warning: \headheight is too small (12.0pt): 
(fancyhdr)                Make it at least 15.07796pt, for example:
(fancyhdr)                \setlength{\headheight}{15.07796pt}.
(fancyhdr)                You might also make \topmargin smaller to compensate:

(fancyhdr)                \addtolength{\topmargin}{-3.07796pt}.

[12 <./Tesis_files/figure-latex/DELITOS Y HOMICIDIOS NACIONAL-1.pdf>]
<Tesis_files/figure-latex/DELITOS ARMAS DE FUEGO NACIONAL-1.pdf, id=155, 469.75
5pt x 325.215pt>
File: Tesis_files/figure-latex/DELITOS ARMAS DE FUEGO NACIONAL-1.pdf Graphic fi
le (type pdf)
<use Tesis_files/figure-latex/DELITOS ARMAS DE FUEGO NACIONAL-1.pdf>
Package pdftex.def Info: Tesis_files/figure-latex/DELITOS ARMAS DE FUEGO NACION
AL-1.pdf  used on input line 718.
(pdftex.def)             Requested size: 469.75386pt x 325.2142pt.
LaTeX Info: Redefining \. on input line 720.
LaTeX Info: Redefining \% on input line 720.

Package fancyhdr Warning: \headheight is too small (12.0pt): 
(fancyhdr)                Make it at least 15.07796pt, for example:
(fancyhdr)                \setlength{\headheight}{15.07796pt}.
(fancyhdr)                You might also make \topmargin smaller to compensate:

(fancyhdr)                \addtolength{\topmargin}{-3.07796pt}.

[13 <C:/Users/marco/OneDrive/Documents/COLMEX/Tesis/Doc/Im√°genes/Venn.jpg>]
<Tesis_files/figure-latex/INCIDENCIA ESTADOS-1.pdf, id=161, 469.755pt x 325.215
pt>
File: Tesis_files/figure-latex/INCIDENCIA ESTADOS-1.pdf Graphic file (type pdf)

<use Tesis_files/figure-latex/INCIDENCIA ESTADOS-1.pdf>
Package pdftex.def Info: Tesis_files/figure-latex/INCIDENCIA ESTADOS-1.pdf  use
d on input line 736.
(pdftex.def)             Requested size: 469.75386pt x 325.2142pt.
LaTeX Info: Redefining \. on input line 738.
LaTeX Info: Redefining \% on input line 738.

Package fancyhdr Warning: \headheight is too small (12.0pt): 
(fancyhdr)                Make it at least 15.07796pt, for example:
(fancyhdr)                \setlength{\headheight}{15.07796pt}.
(fancyhdr)                You might also make \topmargin smaller to compensate:

(fancyhdr)                \addtolength{\topmargin}{-3.07796pt}.

[14 <./Tesis_files/figure-latex/DELITOS ARMAS DE FUEGO NACIONAL-1.pdf>]
<Tesis_files/figure-latex/HOMICIDIOS Y ARMAS CDMX-1.pdf, id=174, 469.755pt x 32
5.215pt>
File: Tesis_files/figure-latex/HOMICIDIOS Y ARMAS CDMX-1.pdf Graphic file (type
 pdf)
<use Tesis_files/figure-latex/HOMICIDIOS Y ARMAS CDMX-1.pdf>
Package pdftex.def Info: Tesis_files/figure-latex/HOMICIDIOS Y ARMAS CDMX-1.pdf
  used on input line 756.
(pdftex.def)             Requested size: 469.75386pt x 325.2142pt.
LaTeX Info: Redefining \. on input line 758.
LaTeX Info: Redefining \% on input line 758.

Package fancyhdr Warning: \headheight is too small (12.0pt): 
(fancyhdr)                Make it at least 15.07796pt, for example:
(fancyhdr)                \setlength{\headheight}{15.07796pt}.
(fancyhdr)                You might also make \topmargin smaller to compensate:

(fancyhdr)                \addtolength{\topmargin}{-3.07796pt}.

[15 <./Tesis_files/figure-latex/INCIDENCIA ESTADOS-1.pdf>]
LaTeX Info: Redefining \. on input line 790.
LaTeX Info: Redefining \% on input line 790.

Package fancyhdr Warning: \headheight is too small (12.0pt): 
(fancyhdr)                Make it at least 15.07796pt, for example:
(fancyhdr)                \setlength{\headheight}{15.07796pt}.
(fancyhdr)                You might also make \topmargin smaller to compensate:

(fancyhdr)                \addtolength{\topmargin}{-3.07796pt}.

[16 <./Tesis_files/figure-latex/HOMICIDIOS Y ARMAS CDMX-1.pdf>]
LaTeX Info: Redefining \. on input line 847.
LaTeX Info: Redefining \% on input line 847.

Package fancyhdr Warning: \headheight is too small (12.0pt): 
(fancyhdr)                Make it at least 15.07796pt, for example:
(fancyhdr)                \setlength{\headheight}{15.07796pt}.
(fancyhdr)                You might also make \topmargin smaller to compensate:

(fancyhdr)                \addtolength{\topmargin}{-3.07796pt}.

[17]
LaTeX Info: Redefining \. on input line 876.
LaTeX Info: Redefining \% on input line 876.

Package fancyhdr Warning: \headheight is too small (12.0pt): 
(fancyhdr)                Make it at least 15.07796pt, for example:
(fancyhdr)                \setlength{\headheight}{15.07796pt}.
(fancyhdr)                You might also make \topmargin smaller to compensate:

(fancyhdr)                \addtolength{\topmargin}{-3.07796pt}.

[18]
LaTeX Info: Redefining \. on input line 921.
LaTeX Info: Redefining \% on input line 921.

Package fancyhdr Warning: \headheight is too small (12.0pt): 
(fancyhdr)                Make it at least 14.49998pt, for example:
(fancyhdr)                \setlength{\headheight}{14.49998pt}.
(fancyhdr)                You might also make \topmargin smaller to compensate:

(fancyhdr)                \addtolength{\topmargin}{-2.49998pt}.

[19]
LaTeX Info: Redefining \. on input line 959.
LaTeX Info: Redefining \% on input line 959.

Package fancyhdr Warning: \headheight is too small (12.0pt): 
(fancyhdr)                Make it at least 14.49998pt, for example:
(fancyhdr)                \setlength{\headheight}{14.49998pt}.
(fancyhdr)                You might also make \topmargin smaller to compensate:

(fancyhdr)                \addtolength{\topmargin}{-2.49998pt}.

[20]
LaTeX Info: Redefining \. on input line 1001.
LaTeX Info: Redefining \% on input line 1001.

Package fancyhdr Warning: \headheight is too small (12.0pt): 
(fancyhdr)                Make it at least 15.07796pt, for example:
(fancyhdr)                \setlength{\headheight}{15.07796pt}.
(fancyhdr)                You might also make \topmargin smaller to compensate:

(fancyhdr)                \addtolength{\topmargin}{-3.07796pt}.

[21]
LaTeX Info: Redefining \. on input line 1059.
LaTeX Info: Redefining \% on input line 1059.

Package fancyhdr Warning: \headheight is too small (12.0pt): 
(fancyhdr)                Make it at least 15.07796pt, for example:
(fancyhdr)                \setlength{\headheight}{15.07796pt}.
(fancyhdr)                You might also make \topmargin smaller to compensate:

(fancyhdr)                \addtolength{\topmargin}{-3.07796pt}.

[22]
LaTeX Info: Redefining \. on input line 1101.
LaTeX Info: Redefining \% on input line 1101.

Package fancyhdr Warning: \headheight is too small (12.0pt): 
(fancyhdr)                Make it at least 15.07796pt, for example:
(fancyhdr)                \setlength{\headheight}{15.07796pt}.
(fancyhdr)                You might also make \topmargin smaller to compensate:

(fancyhdr)                \addtolength{\topmargin}{-3.07796pt}.

[23]
LaTeX Info: Redefining \. on input line 1145.
LaTeX Info: Redefining \% on input line 1145.

Package fancyhdr Warning: \headheight is too small (12.0pt): 
(fancyhdr)                Make it at least 14.49998pt, for example:
(fancyhdr)                \setlength{\headheight}{14.49998pt}.
(fancyhdr)                You might also make \topmargin smaller to compensate:

(fancyhdr)                \addtolength{\topmargin}{-2.49998pt}.

[24]

LaTeX Warning: No positions in optional float specifier.
               Default added (so using `tbp') on input line 1146.


Overfull \hbox (7.25067pt too wide) in paragraph at lines 1150--1193
 [][] 
 []

LaTeX Info: Redefining \. on input line 1194.
LaTeX Info: Redefining \% on input line 1194.

Package fancyhdr Warning: \headheight is too small (12.0pt): 
(fancyhdr)                Make it at least 14.49998pt, for example:
(fancyhdr)                \setlength{\headheight}{14.49998pt}.
(fancyhdr)                You might also make \topmargin smaller to compensate:

(fancyhdr)                \addtolength{\topmargin}{-2.49998pt}.

[25]
<Tesis_files/figure-latex/GRAFICA CANJES-1.pdf, id=264, 469.755pt x 325.215pt>
File: Tesis_files/figure-latex/GRAFICA CANJES-1.pdf Graphic file (type pdf)
<use Tesis_files/figure-latex/GRAFICA CANJES-1.pdf>
Package pdftex.def Info: Tesis_files/figure-latex/GRAFICA CANJES-1.pdf  used on
 input line 1203.
(pdftex.def)             Requested size: 469.75386pt x 325.2142pt.
<Tesis_files/figure-latex/GRAFICA PROPORCION-1.pdf, id=265, 469.755pt x 325.215
pt>
File: Tesis_files/figure-latex/GRAFICA PROPORCION-1.pdf Graphic file (type pdf)

<use Tesis_files/figure-latex/GRAFICA PROPORCION-1.pdf>
Package pdftex.def Info: Tesis_files/figure-latex/GRAFICA PROPORCION-1.pdf  use
d on input line 1219.
(pdftex.def)             Requested size: 469.75386pt x 325.2142pt.
LaTeX Info: Redefining \. on input line 1221.
LaTeX Info: Redefining \% on input line 1221.

Package fancyhdr Warning: \headheight is too small (12.0pt): 
(fancyhdr)                Make it at least 14.49998pt, for example:
(fancyhdr)                \setlength{\headheight}{14.49998pt}.
(fancyhdr)                You might also make \topmargin smaller to compensate:

(fancyhdr)                \addtolength{\topmargin}{-2.49998pt}.

[26


 <./Tesis_files/figure-latex/GRAFICA CANJES-1.pdf>]
<Tesis_files/figure-latex/GRAFICA INCIDENCIA CANJES-1.pdf, id=278, 469.755pt x 
325.215pt>
File: Tesis_files/figure-latex/GRAFICA INCIDENCIA CANJES-1.pdf Graphic file (ty
pe pdf)
<use Tesis_files/figure-latex/GRAFICA INCIDENCIA CANJES-1.pdf>
Package pdftex.def Info: Tesis_files/figure-latex/GRAFICA INCIDENCIA CANJES-1.p
df  used on input line 1245.
(pdftex.def)             Requested size: 469.75386pt x 325.2142pt.
LaTeX Info: Redefining \. on input line 1247.
LaTeX Info: Redefining \% on input line 1247.

Package fancyhdr Warning: \headheight is too small (12.0pt): 
(fancyhdr)                Make it at least 14.49998pt, for example:
(fancyhdr)                \setlength{\headheight}{14.49998pt}.
(fancyhdr)                You might also make \topmargin smaller to compensate:

(fancyhdr)                \addtolength{\topmargin}{-2.49998pt}.

[27 <./Tesis_files/figure-latex/GRAFICA PROPORCION-1.pdf>]
LaTeX Info: Redefining \. on input line 1277.
LaTeX Info: Redefining \% on input line 1277.

Package fancyhdr Warning: \headheight is too small (12.0pt): 
(fancyhdr)                Make it at least 14.49998pt, for example:
(fancyhdr)                \setlength{\headheight}{14.49998pt}.
(fancyhdr)                You might also make \topmargin smaller to compensate:

(fancyhdr)                \addtolength{\topmargin}{-2.49998pt}.

[28 <./Tesis_files/figure-latex/GRAFICA INCIDENCIA CANJES-1.pdf>]
LaTeX Info: Redefining \. on input line 1336.
LaTeX Info: Redefining \% on input line 1336.

Package fancyhdr Warning: \headheight is too small (12.0pt): 
(fancyhdr)                Make it at least 14.49998pt, for example:
(fancyhdr)                \setlength{\headheight}{14.49998pt}.
(fancyhdr)                You might also make \topmargin smaller to compensate:

(fancyhdr)                \addtolength{\topmargin}{-2.49998pt}.

[29]
Underfull \vbox (badness 10000) detected at line 1398
 []

LaTeX Info: Redefining \. on input line 1398.
LaTeX Info: Redefining \% on input line 1398.

Package fancyhdr Warning: \headheight is too small (12.0pt): 
(fancyhdr)                Make it at least 14.49998pt, for example:
(fancyhdr)                \setlength{\headheight}{14.49998pt}.
(fancyhdr)                You might also make \topmargin smaller to compensate:

(fancyhdr)                \addtolength{\topmargin}{-2.49998pt}.

[30]
<Tesis_files/figure-latex/PESOS CS DELITOS-1.pdf, id=314, 469.755pt x 325.215pt
>
File: Tesis_files/figure-latex/PESOS CS DELITOS-1.pdf Graphic file (type pdf)
<use Tesis_files/figure-latex/PESOS CS DELITOS-1.pdf>
Package pdftex.def Info: Tesis_files/figure-latex/PESOS CS DELITOS-1.pdf  used 
on input line 1411.
(pdftex.def)             Requested size: 469.75386pt x 325.2142pt.
LaTeX Info: Redefining \. on input line 1420.
LaTeX Info: Redefining \% on input line 1420.

Package fancyhdr Warning: \headheight is too small (12.0pt): 
(fancyhdr)                Make it at least 14.49998pt, for example:
(fancyhdr)                \setlength{\headheight}{14.49998pt}.
(fancyhdr)                You might also make \topmargin smaller to compensate:

(fancyhdr)                \addtolength{\topmargin}{-2.49998pt}.

[31 <./Tesis_files/figure-latex/PESOS CS DELITOS-1.pdf>]
<Tesis_files/figure-latex/PRINCIPAL CS DELITOS-1.pdf, id=326, 469.755pt x 325.2
15pt>
File: Tesis_files/figure-latex/PRINCIPAL CS DELITOS-1.pdf Graphic file (type pd
f)
<use Tesis_files/figure-latex/PRINCIPAL CS DELITOS-1.pdf>
Package pdftex.def Info: Tesis_files/figure-latex/PRINCIPAL CS DELITOS-1.pdf  u
sed on input line 1441.
(pdftex.def)             Requested size: 469.75386pt x 325.2142pt.

Underfull \hbox (badness 10000) in paragraph at lines 1441--1447
[][]
 []

LaTeX Info: Redefining \. on input line 1448.
LaTeX Info: Redefining \% on input line 1448.

Package fancyhdr Warning: \headheight is too small (12.0pt): 
(fancyhdr)                Make it at least 14.49998pt, for example:
(fancyhdr)                \setlength{\headheight}{14.49998pt}.
(fancyhdr)                You might also make \topmargin smaller to compensate:

(fancyhdr)                \addtolength{\topmargin}{-2.49998pt}.

[32 <./Tesis_files/figure-latex/PRINCIPAL CS DELITOS-1.pdf>]
<Tesis_files/figure-latex/DIFF CS DELITOS-1.pdf, id=339, 469.755pt x 325.215pt>

File: Tesis_files/figure-latex/DIFF CS DELITOS-1.pdf Graphic file (type pdf)
<use Tesis_files/figure-latex/DIFF CS DELITOS-1.pdf>
Package pdftex.def Info: Tesis_files/figure-latex/DIFF CS DELITOS-1.pdf  used o
n input line 1463.
(pdftex.def)             Requested size: 469.75386pt x 325.2142pt.
LaTeX Info: Redefining \. on input line 1479.
LaTeX Info: Redefining \% on input line 1479.

Package fancyhdr Warning: \headheight is too small (12.0pt): 
(fancyhdr)                Make it at least 14.49998pt, for example:
(fancyhdr)                \setlength{\headheight}{14.49998pt}.
(fancyhdr)                You might also make \topmargin smaller to compensate:

(fancyhdr)                \addtolength{\topmargin}{-2.49998pt}.

[33 <./Tesis_files/figure-latex/DIFF CS DELITOS-1.pdf>]
<Tesis_files/figure-latex/PLACEBOS CS DELITOS-1.pdf, id=353, 469.755pt x 325.21
5pt>
File: Tesis_files/figure-latex/PLACEBOS CS DELITOS-1.pdf Graphic file (type pdf
)
<use Tesis_files/figure-latex/PLACEBOS CS DELITOS-1.pdf>
Package pdftex.def Info: Tesis_files/figure-latex/PLACEBOS CS DELITOS-1.pdf  us
ed on input line 1496.
(pdftex.def)             Requested size: 469.75386pt x 325.2142pt.
LaTeX Info: Redefining \. on input line 1511.
LaTeX Info: Redefining \% on input line 1511.

Package fancyhdr Warning: \headheight is too small (12.0pt): 
(fancyhdr)                Make it at least 14.49998pt, for example:
(fancyhdr)                \setlength{\headheight}{14.49998pt}.
(fancyhdr)                You might also make \topmargin smaller to compensate:

(fancyhdr)                \addtolength{\topmargin}{-2.49998pt}.

[34 <./Tesis_files/figure-latex/PLACEBOS CS DELITOS-1.pdf>]
<Tesis_files/figure-latex/PLACEBOS PRUNED CS DELITOS-1.pdf, id=368, 469.755pt x
 325.215pt>
File: Tesis_files/figure-latex/PLACEBOS PRUNED CS DELITOS-1.pdf Graphic file (t
ype pdf)
<use Tesis_files/figure-latex/PLACEBOS PRUNED CS DELITOS-1.pdf>
Package pdftex.def Info: Tesis_files/figure-latex/PLACEBOS PRUNED CS DELITOS-1.
pdf  used on input line 1530.
(pdftex.def)             Requested size: 469.75386pt x 325.2142pt.

Underfull \hbox (badness 10000) in paragraph at lines 1530--1538
[][]
 []

LaTeX Info: Redefining \. on input line 1538.
LaTeX Info: Redefining \% on input line 1538.

Package fancyhdr Warning: \headheight is too small (12.0pt): 
(fancyhdr)                Make it at least 14.49998pt, for example:
(fancyhdr)                \setlength{\headheight}{14.49998pt}.
(fancyhdr)                You might also make \topmargin smaller to compensate:

(fancyhdr)                \addtolength{\topmargin}{-2.49998pt}.

[35 <./Tesis_files/figure-latex/PLACEBOS PRUNED CS DELITOS-1.pdf>]
<Tesis_files/figure-latex/PLACEBOS PRUNED 2 DELITOS-1.pdf, id=383, 469.755pt x 
325.215pt>
File: Tesis_files/figure-latex/PLACEBOS PRUNED 2 DELITOS-1.pdf Graphic file (ty
pe pdf)
<use Tesis_files/figure-latex/PLACEBOS PRUNED 2 DELITOS-1.pdf>
Package pdftex.def Info: Tesis_files/figure-latex/PLACEBOS PRUNED 2 DELITOS-1.p
df  used on input line 1539.
(pdftex.def)             Requested size: 469.75386pt x 325.2142pt.
<Tesis_files/figure-latex/RATIO CS DELITOS-1.pdf, id=384, 469.755pt x 325.215pt
>
File: Tesis_files/figure-latex/RATIO CS DELITOS-1.pdf Graphic file (type pdf)
<use Tesis_files/figure-latex/RATIO CS DELITOS-1.pdf>
Package pdftex.def Info: Tesis_files/figure-latex/RATIO CS DELITOS-1.pdf  used 
on input line 1566.
(pdftex.def)             Requested size: 469.75386pt x 325.2142pt.

Overfull \hbox (13.18002pt too wide) in alignment at lines 1571--1583
 [] [] [] [] [] [] [] [] 
 []


Overfull \hbox (13.18002pt too wide) in alignment at lines 1583--1585
 [] [] [] [] [] [] [] [] 
 []


Overfull \hbox (13.18002pt too wide) in alignment at lines 1585--1606
 [] [] [] [] [] [] [] [] 
 []

LaTeX Info: Redefining \. on input line 1606.
LaTeX Info: Redefining \% on input line 1606.

Package fancyhdr Warning: \headheight is too small (12.0pt): 
(fancyhdr)                Make it at least 14.49998pt, for example:
(fancyhdr)                \setlength{\headheight}{14.49998pt}.
(fancyhdr)                You might also make \topmargin smaller to compensate:

(fancyhdr)                \addtolength{\topmargin}{-2.49998pt}.

[36 <./Tesis_files/figure-latex/PLACEBOS PRUNED 2 DELITOS-1.pdf>]
Overfull \hbox (13.18002pt too wide) in alignment at lines 1606--1610
 [] [] [] [] [] [] [] [] 
 []

LaTeX Info: Redefining \. on input line 1610.
LaTeX Info: Redefining \% on input line 1610.

Package fancyhdr Warning: \headheight is too small (12.0pt): 
(fancyhdr)                Make it at least 14.49998pt, for example:
(fancyhdr)                \setlength{\headheight}{14.49998pt}.
(fancyhdr)                You might also make \topmargin smaller to compensate:

(fancyhdr)                \addtolength{\topmargin}{-2.49998pt}.

[37 <./Tesis_files/figure-latex/RATIO CS DELITOS-1.pdf>]
<Tesis_files/figure-latex/GRAFICA P VALUES-1.pdf, id=412, 469.755pt x 325.215pt
>
File: Tesis_files/figure-latex/GRAFICA P VALUES-1.pdf Graphic file (type pdf)
<use Tesis_files/figure-latex/GRAFICA P VALUES-1.pdf>
Package pdftex.def Info: Tesis_files/figure-latex/GRAFICA P VALUES-1.pdf  used 
on input line 1622.
(pdftex.def)             Requested size: 469.75386pt x 325.2142pt.

Underfull \hbox (badness 10000) in paragraph at lines 1622--1630
[][]
 []

LaTeX Info: Redefining \. on input line 1637.
LaTeX Info: Redefining \% on input line 1637.

Package fancyhdr Warning: \headheight is too small (12.0pt): 
(fancyhdr)                Make it at least 14.49998pt, for example:
(fancyhdr)                \setlength{\headheight}{14.49998pt}.
(fancyhdr)                You might also make \topmargin smaller to compensate:

(fancyhdr)                \addtolength{\topmargin}{-2.49998pt}.

[38 <./Tesis_files/figure-latex/GRAFICA P VALUES-1.pdf>]
<Tesis_files/figure-latex/P VALUES LAGGED-1.pdf, id=427, 469.755pt x 325.215pt>

File: Tesis_files/figure-latex/P VALUES LAGGED-1.pdf Graphic file (type pdf)
<use Tesis_files/figure-latex/P VALUES LAGGED-1.pdf>
Package pdftex.def Info: Tesis_files/figure-latex/P VALUES LAGGED-1.pdf  used o
n input line 1638.
(pdftex.def)             Requested size: 469.75386pt x 325.2142pt.
<Tesis_files/figure-latex/PLACEBO TEMPORAL 1-1.pdf, id=428, 469.755pt x 252.945
pt>
File: Tesis_files/figure-latex/PLACEBO TEMPORAL 1-1.pdf Graphic file (type pdf)

<use Tesis_files/figure-latex/PLACEBO TEMPORAL 1-1.pdf>
Package pdftex.def Info: Tesis_files/figure-latex/PLACEBO TEMPORAL 1-1.pdf  use
d on input line 1651.
(pdftex.def)             Requested size: 469.75386pt x 252.94438pt.
LaTeX Info: Redefining \. on input line 1653.
LaTeX Info: Redefining \% on input line 1653.

Package fancyhdr Warning: \headheight is too small (12.0pt): 
(fancyhdr)                Make it at least 14.49998pt, for example:
(fancyhdr)                \setlength{\headheight}{14.49998pt}.
(fancyhdr)                You might also make \topmargin smaller to compensate:

(fancyhdr)                \addtolength{\topmargin}{-2.49998pt}.

[39 <./Tesis_files/figure-latex/P VALUES LAGGED-1.pdf>]
<Tesis_files/figure-latex/PLACEBO TEMPORAL 2-1.pdf, id=441, 469.755pt x 252.945
pt>
File: Tesis_files/figure-latex/PLACEBO TEMPORAL 2-1.pdf Graphic file (type pdf)

<use Tesis_files/figure-latex/PLACEBO TEMPORAL 2-1.pdf>
Package pdftex.def Info: Tesis_files/figure-latex/PLACEBO TEMPORAL 2-1.pdf  use
d on input line 1653.
(pdftex.def)             Requested size: 469.75386pt x 252.94438pt.
<Tesis_files/figure-latex/PLACEBO TEMPORAL 3-1.pdf, id=442, 469.755pt x 252.945
pt>
File: Tesis_files/figure-latex/PLACEBO TEMPORAL 3-1.pdf Graphic file (type pdf)

<use Tesis_files/figure-latex/PLACEBO TEMPORAL 3-1.pdf>
Package pdftex.def Info: Tesis_files/figure-latex/PLACEBO TEMPORAL 3-1.pdf  use
d on input line 1655.
(pdftex.def)             Requested size: 469.75386pt x 252.94438pt.
LaTeX Info: Redefining \. on input line 1657.
LaTeX Info: Redefining \% on input line 1657.

Package fancyhdr Warning: \headheight is too small (12.0pt): 
(fancyhdr)                Make it at least 14.49998pt, for example:
(fancyhdr)                \setlength{\headheight}{14.49998pt}.
(fancyhdr)                You might also make \topmargin smaller to compensate:

(fancyhdr)                \addtolength{\topmargin}{-2.49998pt}.

[40 <./Tesis_files/figure-latex/PLACEBO TEMPORAL 1-1.pdf> <./Tesis_files/figure
-latex/PLACEBO TEMPORAL 2-1.pdf>]
LaTeX Info: Redefining \. on input line 1669.
LaTeX Info: Redefining \% on input line 1669.

Package fancyhdr Warning: \headheight is too small (12.0pt): 
(fancyhdr)                Make it at least 14.49998pt, for example:
(fancyhdr)                \setlength{\headheight}{14.49998pt}.
(fancyhdr)                You might also make \topmargin smaller to compensate:

(fancyhdr)                \addtolength{\topmargin}{-2.49998pt}.

[41 <./Tesis_files/figure-latex/PLACEBO TEMPORAL 3-1.pdf>]
LaTeX Info: Redefining \. on input line 1713.
LaTeX Info: Redefining \% on input line 1713.

Package fancyhdr Warning: \headheight is too small (12.0pt): 
(fancyhdr)                Make it at least 15.07796pt, for example:
(fancyhdr)                \setlength{\headheight}{15.07796pt}.
(fancyhdr)                You might also make \topmargin smaller to compensate:

(fancyhdr)                \addtolength{\topmargin}{-3.07796pt}.

[42]
LaTeX Info: Redefining \. on input line 1721.
LaTeX Info: Redefining \% on input line 1721.

Package fancyhdr Warning: \headheight is too small (12.0pt): 
(fancyhdr)                Make it at least 15.07796pt, for example:
(fancyhdr)                \setlength{\headheight}{15.07796pt}.
(fancyhdr)                You might also make \topmargin smaller to compensate:

(fancyhdr)                \addtolength{\topmargin}{-3.07796pt}.

[43]
<Tesis_files/figure-latex/ANEXO CS 1-1.pdf, id=482, 469.755pt x 271.0125pt>
File: Tesis_files/figure-latex/ANEXO CS 1-1.pdf Graphic file (type pdf)
<use Tesis_files/figure-latex/ANEXO CS 1-1.pdf>
Package pdftex.def Info: Tesis_files/figure-latex/ANEXO CS 1-1.pdf  used on inp
ut line 1727.
(pdftex.def)             Requested size: 469.75386pt x 271.01183pt.
<Tesis_files/figure-latex/ANEXO CS 1-2.pdf, id=483, 469.755pt x 271.0125pt>
File: Tesis_files/figure-latex/ANEXO CS 1-2.pdf Graphic file (type pdf)
<use Tesis_files/figure-latex/ANEXO CS 1-2.pdf>
Package pdftex.def Info: Tesis_files/figure-latex/ANEXO CS 1-2.pdf  used on inp
ut line 1728.
(pdftex.def)             Requested size: 469.75386pt x 271.01183pt.
<Tesis_files/figure-latex/ANEXO CS 1-3.pdf, id=484, 469.755pt x 271.0125pt>
File: Tesis_files/figure-latex/ANEXO CS 1-3.pdf Graphic file (type pdf)
<use Tesis_files/figure-latex/ANEXO CS 1-3.pdf>
Package pdftex.def Info: Tesis_files/figure-latex/ANEXO CS 1-3.pdf  used on inp
ut line 1729.
(pdftex.def)             Requested size: 469.75386pt x 271.01183pt.
<Tesis_files/figure-latex/ANEXO CS 1-4.pdf, id=485, 469.755pt x 271.0125pt>
File: Tesis_files/figure-latex/ANEXO CS 1-4.pdf Graphic file (type pdf)
<use Tesis_files/figure-latex/ANEXO CS 1-4.pdf>
Package pdftex.def Info: Tesis_files/figure-latex/ANEXO CS 1-4.pdf  used on inp
ut line 1730.
(pdftex.def)             Requested size: 469.75386pt x 271.01183pt.
<Tesis_files/figure-latex/ANEXO CS 1-5.pdf, id=486, 469.755pt x 271.0125pt>
File: Tesis_files/figure-latex/ANEXO CS 1-5.pdf Graphic file (type pdf)
<use Tesis_files/figure-latex/ANEXO CS 1-5.pdf>
Package pdftex.def Info: Tesis_files/figure-latex/ANEXO CS 1-5.pdf  used on inp
ut line 1731.
(pdftex.def)             Requested size: 469.75386pt x 271.01183pt.

Underfull \hbox (badness 10000) in paragraph at lines 1727--1732
[][]
 []


Underfull \hbox (badness 10000) in paragraph at lines 1727--1732
[]
 []


Underfull \hbox (badness 10000) in paragraph at lines 1727--1732
[]
 []


Underfull \hbox (badness 10000) in paragraph at lines 1727--1732
[]
 []

LaTeX Info: Redefining \. on input line 1732.
LaTeX Info: Redefining \% on input line 1732.

Package fancyhdr Warning: \headheight is too small (12.0pt): 
(fancyhdr)                Make it at least 15.07796pt, for example:
(fancyhdr)                \setlength{\headheight}{15.07796pt}.
(fancyhdr)                You might also make \topmargin smaller to compensate:

(fancyhdr)                \addtolength{\topmargin}{-3.07796pt}.

[44 <./Tesis_files/figure-latex/ANEXO CS 1-1.pdf> <./Tesis_files/figure-latex/A
NEXO CS 1-2.pdf>]
LaTeX Info: Redefining \. on input line 1733.
LaTeX Info: Redefining \% on input line 1733.

Package fancyhdr Warning: \headheight is too small (12.0pt): 
(fancyhdr)                Make it at least 15.07796pt, for example:
(fancyhdr)                \setlength{\headheight}{15.07796pt}.
(fancyhdr)                You might also make \topmargin smaller to compensate:

(fancyhdr)                \addtolength{\topmargin}{-3.07796pt}.

[45 <./Tesis_files/figure-latex/ANEXO CS 1-3.pdf> <./Tesis_files/figure-latex/A
NEXO CS 1-4.pdf>]
LaTeX Info: Redefining \. on input line 1733.
LaTeX Info: Redefining \% on input line 1733.

Package fancyhdr Warning: \headheight is too small (12.0pt): 
(fancyhdr)                Make it at least 15.07796pt, for example:
(fancyhdr)                \setlength{\headheight}{15.07796pt}.
(fancyhdr)                You might also make \topmargin smaller to compensate:

(fancyhdr)                \addtolength{\topmargin}{-3.07796pt}.

[46 <./Tesis_files/figure-latex/ANEXO CS 1-5.pdf>]
LaTeX Info: Redefining \. on input line 1834.
LaTeX Info: Redefining \% on input line 1834.

Package fancyhdr Warning: \headheight is too small (12.0pt): 
(fancyhdr)                Make it at least 15.07796pt, for example:
(fancyhdr)                \setlength{\headheight}{15.07796pt}.
(fancyhdr)                You might also make \topmargin smaller to compensate:

(fancyhdr)                \addtolength{\topmargin}{-3.07796pt}.

[47]
LaTeX Info: Redefining \. on input line 1922.
LaTeX Info: Redefining \% on input line 1922.

Package fancyhdr Warning: \headheight is too small (12.0pt): 
(fancyhdr)                Make it at least 15.07796pt, for example:
(fancyhdr)                \setlength{\headheight}{15.07796pt}.
(fancyhdr)                You might also make \topmargin smaller to compensate:

(fancyhdr)                \addtolength{\topmargin}{-3.07796pt}.

[48]

Package caption Warning: Unused \captionsetup[figure] on input line 89.
See the caption package documentation for explanation.


AED: lastpage setting LastPage
LaTeX Info: Redefining \. on input line 1987.
LaTeX Info: Redefining \% on input line 1987.

Package fancyhdr Warning: \headheight is too small (12.0pt): 
(fancyhdr)                Make it at least 15.07796pt, for example:
(fancyhdr)                \setlength{\headheight}{15.07796pt}.
(fancyhdr)                You might also make \topmargin smaller to compensate:

(fancyhdr)                \addtolength{\topmargin}{-3.07796pt}.

[49] (Tesis.aux
LaTeX Info: Redefining \. on input line 26.
LaTeX Info: Redefining \% on input line 26.
)

LaTeX Warning: There were multiply-defined labels.

 ) 
Here is how much of TeX's memory you used:
 18706 strings out of 479618
 288179 string characters out of 2865027
 649973 words of memory out of 3000000
 35002 multiletter control sequences out of 15000+200000
 545083 words of font info for 279 fonts, out of 3000000 for 9000
 1141 hyphenation exceptions out of 8191
 85i,17n,88p,798b,567s stack positions out of 5000i,500n,10000p,200000b,50000s
{C:/Users/marco/AppData/Local/Programs/MiKTeX/fonts/enc/dvips/base/8r.enc}{C:
/Users/marco/AppData/Local/Programs/MiKTeX/fonts/enc/dvips/lm/lm-mathex.enc}{C:
/Users/marco/AppData/Local/Programs/MiKTeX/fonts/enc/dvips/lm/lm-mathsy.enc}{C:
/Users/marco/AppData/Local/Programs/MiKTeX/fonts/enc/dvips/lm/lm-mathit.enc}{C:
/Users/marco/AppData/Local/Programs/MiKTeX/fonts/enc/dvips/lm/lm-rm.enc}<C:/Use
rs/marco/AppData/Local/Programs/MiKTeX/fonts/type1/public/lm/lmex10.pfb><C:/Use
rs/marco/AppData/Local/Programs/MiKTeX/fonts/type1/public/lm/lmmi12.pfb><C:/Use
rs/marco/AppData/Local/Programs/MiKTeX/fonts/type1/public/lm/lmmi8.pfb><C:/User
s/marco/AppData/Local/Programs/MiKTeX/fonts/type1/public/lm/lmr12.pfb><C:/Users
/marco/AppData/Local/Programs/MiKTeX/fonts/type1/public/lm/lmr8.pfb><C:/Users/m
arco/AppData/Local/Programs/MiKTeX/fonts/type1/public/lm/lmsy10.pfb><C:/Users/m
arco/AppData/Local/Programs/MiKTeX/fonts/type1/public/lm/lmsy8.pfb><C:/Users/ma
rco/AppData/Local/Programs/MiKTeX/fonts/type1/adobe/utopia/putb8a.pfb><C:/Users
/marco/AppData/Local/Programs/MiKTeX/fonts/type1/adobe/utopia/putbi8a.pfb><C:/U
sers/marco/AppData/Local/Programs/MiKTeX/fonts/type1/adobe/utopia/putr8a.pfb><C
:/Users/marco/AppData/Local/Programs/MiKTeX/fonts/type1/adobe/utopia/putr8a.pfb
><C:/Users/marco/AppData/Local/Programs/MiKTeX/fonts/type1/adobe/utopia/putri8a
.pfb><C:/Users/marco/AppData/Local/Programs/MiKTeX/fonts/type1/urw/helvetic/uhv
b8a.pfb><C:/Users/marco/AppData/Local/Programs/MiKTeX/fonts/type1/urw/helvetic/
uhvr8a.pfb>
Output written on Tesis.pdf (54 pages, 747357 bytes).
PDF statistics:
 809 PDF objects out of 1000 (max. 8388607)
 144 named destinations out of 1000 (max. 500000)
 67896 words of extra memory for PDF output out of 74296 (max. 10000000)

